0 info it worked if it ends with ok
1 verbose cli [ '/usr/local/bin/node', '/usr/local/bin/npm', 'run', 'prepare' ]
2 info using npm@3.10.10
3 info using node@v6.10.2
4 verbose run-script [ 'prepare' ]
5 info lifecycle react-native-image-zoom-viewer@2.1.2~prepare: react-native-image-zoom-viewer@2.1.2
6 verbose lifecycle react-native-image-zoom-viewer@2.1.2~prepare: unsafe-perm in lifecycle true
7 verbose lifecycle react-native-image-zoom-viewer@2.1.2~prepare: PATH: /usr/local/lib/node_modules/npm/bin/node-gyp-bin:/Volumes/cgd/code/react-native-image-viewer/node_modules/.bin:/Users/cgd/bin/Sencha/Cmd:/Library/Frameworks/Python.framework/Versions/3.5/bin:/Library/Frameworks/Python.framework/Versions/3.5/bin:/usr/local/bin:/usr/bin:/bin:/usr/sbin:/sbin:/Users/robbie/apache-maven-3.3.9/bin:/usr/local/mysql/bin
8 verbose lifecycle react-native-image-zoom-viewer@2.1.2~prepare: CWD: /Volumes/cgd/code/react-native-image-viewer
9 silly lifecycle react-native-image-zoom-viewer@2.1.2~prepare: Args: [ '-c', 'rm -rf built && tsc' ]
10 silly lifecycle react-native-image-zoom-viewer@2.1.2~prepare: Returned: code: 2  signal: null
11 info lifecycle react-native-image-zoom-viewer@2.1.2~prepare: Failed to exec prepare script
12 verbose stack Error: react-native-image-zoom-viewer@2.1.2 prepare: `rm -rf built && tsc`
12 verbose stack Exit status 2
12 verbose stack     at EventEmitter.<anonymous> (/usr/local/lib/node_modules/npm/lib/utils/lifecycle.js:255:16)
12 verbose stack     at emitTwo (events.js:106:13)
12 verbose stack     at EventEmitter.emit (events.js:191:7)
12 verbose stack     at ChildProcess.<anonymous> (/usr/local/lib/node_modules/npm/lib/utils/spawn.js:40:14)
12 verbose stack     at emitTwo (events.js:106:13)
12 verbose stack     at ChildProcess.emit (events.js:191:7)
12 verbose stack     at maybeClose (internal/child_process.js:886:16)
12 verbose stack     at Process.ChildProcess._handle.onexit (internal/child_process.js:226:5)
13 verbose pkgid react-native-image-zoom-viewer@2.1.2
14 verbose cwd /Volumes/cgd/code/react-native-image-viewer
15 error Darwin 16.7.0
16 error argv "/usr/local/bin/node" "/usr/local/bin/npm" "run" "prepare"
17 error node v6.10.2
18 error npm  v3.10.10
19 error code ELIFECYCLE
20 error react-native-image-zoom-viewer@2.1.2 prepare: `rm -rf built && tsc`
20 error Exit status 2
21 error Failed at the react-native-image-zoom-viewer@2.1.2 prepare script 'rm -rf built && tsc'.
21 error Make sure you have the latest version of node.js and npm installed.
21 error If you do, this is most likely a problem with the react-native-image-zoom-viewer package,
21 error not with npm itself.
21 error Tell the author that this fails on your system:
21 error     rm -rf built && tsc
21 error You can get information on how to open an issue for this project with:
21 error     npm bugs react-native-image-zoom-viewer
21 error Or if that isn't available, you can get their info via:
21 error     npm owner ls react-native-image-zoom-viewer
21 error There is likely additional logging output above.
22 verbose exit [ 1, true ]
